<?xml version="1.0" encoding="UTF-8"?>
<!-- Generated by org.testng.reporters.JUnitReportReporter -->
<testsuite hostname="DESKTOP-J74U1DK" failures="0" tests="1" name="Maven.HandsOn.LauchBrowser" time="10.917" errors="0" timestamp="20 Nov 2021 07:51:32 GMT" skipped="0">
  <testcase classname="Maven.HandsOn.LauchBrowser" name="Launch_Test" time="10.917"/>
</testsuite> <!-- Maven.HandsOn.LauchBrowser -->
