<?xml version="1.0" encoding="UTF-8"?>
<!-- Generated by org.testng.reporters.JUnitReportReporter -->
<testsuite skipped="0" hostname="DESKTOP-J74U1DK" name="Maven.HandsOn.LauchBrowser" tests="1" failures="0" timestamp="20 Nov 2021 15:41:13 GMT" time="27.304" errors="0">
  <testcase name="Launch_Test" time="27.304" classname="Maven.HandsOn.LauchBrowser"/>
</testsuite> <!-- Maven.HandsOn.LauchBrowser -->
